TN:
SF:drizzle.config.ts
FN:1,(empty-report)
FNF:1
FNH:0
FNDA:0,(empty-report)
DA:1,0
DA:2,0
DA:4,0
DA:6,0
DA:7,0
DA:8,0
DA:9,0
DA:10,0
DA:11,0
DA:12,0
LF:10
LH:0
BRDA:1,0,0,0
BRF:1
BRH:0
end_of_record
TN:
SF:sst.config.ts
FN:1,(empty-report)
FNF:1
FNH:1
FNDA:1,(empty-report)
DA:3,0
DA:4,0
DA:5,0
DA:6,0
DA:7,0
DA:8,0
DA:9,0
DA:10,0
DA:11,0
DA:12,0
DA:13,0
DA:14,0
DA:16,0
DA:17,0
DA:18,0
DA:19,0
DA:20,0
DA:22,0
DA:23,0
DA:24,0
DA:25,0
DA:26,0
DA:27,0
DA:28,0
DA:29,0
DA:30,0
DA:31,0
DA:32,0
DA:33,0
DA:34,0
DA:35,0
DA:36,0
DA:38,0
DA:39,0
DA:40,0
DA:41,0
DA:42,0
DA:43,0
DA:44,0
DA:45,0
DA:46,0
DA:47,0
DA:48,0
DA:49,0
DA:52,0
DA:53,0
DA:54,0
DA:55,0
DA:58,0
DA:59,0
DA:60,0
DA:61,0
DA:62,0
DA:63,0
DA:64,0
DA:65,0
DA:66,0
DA:67,0
LF:58
LH:0
BRDA:1,0,0,1
BRF:1
BRH:1
end_of_record
TN:
SF:src/auth.ts
FN:1,(empty-report)
FNF:1
FNH:1
FNDA:1,(empty-report)
DA:2,0
DA:4,0
DA:5,0
DA:10,0
DA:11,0
DA:12,0
DA:13,0
DA:18,0
DA:19,0
DA:20,0
DA:21,0
DA:22,0
DA:23,0
DA:25,0
DA:26,0
DA:27,0
DA:28,0
DA:29,0
DA:30,0
DA:31,0
DA:32,0
DA:33,0
DA:34,0
DA:35,0
DA:36,0
DA:37,0
LF:26
LH:0
BRDA:1,0,0,1
BRF:1
BRH:1
end_of_record
TN:
SF:src/index.ts
FN:1,(empty-report)
FNF:1
FNH:0
FNDA:0,(empty-report)
DA:1,0
DA:2,0
DA:3,0
DA:4,0
DA:14,0
DA:15,0
DA:17,0
DA:19,0
DA:22,0
DA:23,0
DA:24,0
DA:25,0
DA:26,0
DA:27,0
DA:28,0
DA:29,0
DA:30,0
DA:33,0
DA:34,0
DA:35,0
DA:36,0
DA:39,0
DA:40,0
DA:41,0
DA:42,0
DA:43,0
DA:44,0
DA:45,0
DA:46,0
DA:49,0
DA:50,0
DA:51,0
DA:52,0
DA:53,0
DA:54,0
DA:55,0
DA:56,0
DA:57,0
DA:58,0
DA:61,0
DA:62,0
DA:63,0
DA:64,0
DA:65,0
DA:66,0
DA:67,0
DA:68,0
DA:69,0
DA:70,0
DA:72,0
DA:73,0
DA:74,0
LF:52
LH:0
BRDA:1,0,0,0
BRF:1
BRH:0
end_of_record
TN:
SF:src/db/index.ts
FNF:0
FNH:0
DA:1,1
DA:2,1
DA:3,1
DA:4,1
DA:6,1
DA:7,1
DA:8,1
DA:9,1
DA:10,1
DA:11,1
DA:13,1
DA:15,1
DA:16,1
DA:17,1
DA:18,1
DA:20,1
LF:16
LH:16
BRF:0
BRH:0
end_of_record
TN:
SF:src/db/migrator.ts
FN:1,(empty-report)
FNF:1
FNH:0
FNDA:0,(empty-report)
DA:1,0
DA:2,0
DA:4,0
DA:5,0
DA:6,0
DA:7,0
DA:8,0
LF:7
LH:0
BRDA:1,0,0,0
BRF:1
BRH:0
end_of_record
TN:
SF:src/db/schema/questionnaires.ts
FNF:0
FNH:0
DA:1,1
DA:10,1
DA:11,1
DA:12,1
DA:13,1
DA:14,1
DA:15,1
DA:17,1
DA:18,1
DA:19,1
DA:20,1
DA:21,1
DA:23,1
DA:24,1
DA:25,1
DA:26,1
DA:27,1
DA:28,1
DA:29,1
DA:31,1
DA:32,1
DA:33,1
DA:34,1
DA:35,1
DA:36,1
DA:38,1
DA:39,1
DA:40,1
DA:41,1
DA:42,1
DA:43,1
LF:31
LH:31
BRF:0
BRH:0
end_of_record
TN:
SF:src/questionnaires/questionnaires.ts
FN:69,createQuestionnaire
FN:120,getAllQuestionnaires
FN:133,getQuestionnaire
FN:165,submitAnswers
FNF:4
FNH:4
FNDA:6,createQuestionnaire
FNDA:1,getAllQuestionnaires
FNDA:2,getQuestionnaire
FNDA:2,submitAnswers
DA:1,1
DA:7,1
DA:8,1
DA:56,1
DA:69,1
DA:70,6
DA:71,6
DA:72,6
DA:73,6
DA:74,6
DA:75,6
DA:76,5
DA:77,5
DA:78,5
DA:79,6
DA:80,2
DA:81,2
DA:83,4
DA:85,4
DA:86,4
DA:87,4
DA:88,4
DA:89,4
DA:90,4
DA:91,4
DA:92,4
DA:94,4
DA:95,4
DA:96,6
DA:97,6
DA:98,6
DA:99,6
DA:100,6
DA:101,6
DA:102,6
DA:103,6
DA:104,4
DA:105,4
DA:107,4
DA:108,4
DA:109,4
DA:110,4
DA:111,6
DA:120,1
DA:121,1
DA:122,1
DA:133,1
DA:134,2
DA:135,2
DA:136,2
DA:137,2
DA:139,2
DA:141,1
DA:142,1
DA:143,1
DA:144,1
DA:146,1
DA:147,1
DA:148,1
DA:149,1
DA:150,2
DA:165,1
DA:166,2
DA:167,2
DA:168,2
DA:169,2
DA:170,2
DA:171,2
DA:172,2
DA:173,2
DA:175,2
DA:176,1
DA:177,1
DA:179,1
DA:181,1
DA:182,1
DA:183,1
DA:184,1
DA:185,1
DA:186,1
DA:187,1
DA:188,1
DA:189,1
DA:191,1
DA:192,1
DA:193,2
DA:194,2
DA:195,2
DA:196,2
DA:197,2
DA:198,2
DA:199,2
DA:200,1
DA:201,1
DA:203,1
DA:204,2
LF:96
LH:96
BRDA:56,0,0,1
BRDA:69,1,0,6
BRDA:75,2,0,5
BRDA:76,3,0,5
BRDA:77,4,0,5
BRDA:79,5,0,2
BRDA:81,6,0,4
BRDA:95,7,0,6
BRDA:120,8,0,1
BRDA:133,9,0,2
BRDA:139,10,0,1
BRDA:165,11,0,2
BRDA:175,12,0,1
BRDA:192,13,0,2
BRF:14
BRH:14
end_of_record
TN:
SF:src/questionnaires/studentGroups.ts
FN:22,generateGroups
FN:110,generateAndStoreGroups
FN:128,getStoredGroups
FNF:3
FNH:3
FNDA:4,generateGroups
FNDA:1,generateAndStoreGroups
FNDA:2,getStoredGroups
DA:1,1
DA:2,1
DA:3,1
DA:5,1
DA:22,1
DA:23,4
DA:24,4
DA:25,4
DA:26,4
DA:27,1
DA:28,1
DA:31,3
DA:32,3
DA:33,3
DA:34,3
DA:36,4
DA:37,1
DA:38,1
DA:41,2
DA:44,2
DA:45,2
DA:46,2
DA:47,2
DA:50,2
DA:51,4
DA:52,12
DA:53,8
DA:54,8
DA:55,12
DA:56,12
DA:57,12
DA:58,12
DA:61,2
DA:62,8
DA:63,8
DA:64,8
DA:65,0
DA:66,8
DA:67,2
DA:70,2
DA:73,2
DA:76,2
DA:77,4
DA:78,5
DA:79,5
DA:82,4
DA:83,8
DA:84,8
DA:85,8
DA:86,21
DA:87,20
DA:88,16
DA:89,16
DA:90,16
DA:91,20
DA:92,21
DA:93,8
DA:95,0
DA:96,0
DA:97,8
DA:98,8
DA:99,8
DA:101,2
DA:102,4
DA:110,1
DA:111,1
DA:112,1
DA:113,1
DA:114,1
DA:116,1
DA:117,1
DA:118,1
DA:119,1
DA:120,1
DA:121,1
DA:128,1
DA:129,2
DA:130,2
DA:131,2
DA:132,2
DA:133,2
DA:134,2
DA:135,2
DA:136,2
DA:138,2
DA:139,1
DA:140,1
DA:141,1
DA:142,2
LF:89
LH:86
BRDA:5,0,0,1
BRDA:22,1,0,4
BRDA:26,2,0,1
BRDA:28,3,0,3
BRDA:36,4,0,1
BRDA:38,5,0,2
BRDA:51,6,0,12
BRDA:52,7,0,8
BRDA:58,8,0,2
BRDA:77,9,0,5
BRDA:79,10,0,2
BRDA:82,11,0,8
BRDA:85,12,0,21
BRDA:86,13,0,20
BRDA:87,14,0,16
BRDA:93,15,0,0
BRDA:99,16,0,2
BRDA:41,17,0,8
BRDA:61,18,0,8
BRDA:62,19,0,0
BRDA:64,20,0,0
BRDA:64,21,0,12
BRDA:70,22,0,12
BRDA:101,23,0,5
BRDA:110,24,0,1
BRDA:128,25,0,2
BRDA:138,26,0,1
BRF:27
BRH:24
end_of_record
